<?xml version="1.0" encoding="UTF-8"?>
<testsuite name="be.ehb.multec.CarTester" tests="3" skipped="0" failures="0" errors="0" timestamp="2021-05-23T16:05:37" hostname="DESKTOP-RILTOL9" time="0.012">
  <properties/>
  <testcase name="testCarTemplate" classname="be.ehb.multec.CarTester" time="0.004"/>
  <testcase name="testDriverDecorator" classname="be.ehb.multec.CarTester" time="0.002"/>
  <testcase name="testCarStrategy" classname="be.ehb.multec.CarTester" time="0.004"/>
  <system-out><![CDATA[A new car is about to be made...
The car has started its assembly
Turbo was added
The maximum speed therefore increased by 10 to 110km/h
Spoiler was added
Speed is increased to 125km/h
The car is finished!
Add a driver to drive with this car
A new car is about to be made...
The car has started its assembly
The car is finished!
Add a driver to drive with this car
Doing Recovery Training...
Skill rating increased by 30
Doing Brake Training...
Skill rating increased by 20
Doing Drift Training...
Skill rating increased by 10
Doing Drift Training...
Skill rating increased by 10
Doing Recovery Training...
Skill rating increased by 30
A new car is about to be made...
The car has started its assembly
Turbo was added
The maximum speed therefore increased by 10 to 110km/h
Spoiler was added
Speed is increased to 125km/h
The car is finished!
Add a driver to drive with this car
]]></system-out>
  <system-err><![CDATA[]]></system-err>
</testsuite>
